<?xml version="1.0" encoding="UTF-8"?>
<!-- Generated by org.testng.reporters.JUnitReportReporter -->
<testsuite hostname="Legion-5" failures="0" tests="1" name="qaautomation.march2022.DashboardAPI" time="4.234" errors="0" timestamp="10 Apr 2022 04:14:02 GMT" skipped="0">
  <testcase classname="qaautomation.march2022.DashboardAPI" name="FakerTest" time="4.234"/>
</testsuite> <!-- qaautomation.march2022.DashboardAPI -->
