<?xml version="1.0" encoding="UTF-8"?>
<!-- Generated by org.testng.reporters.JUnitReportReporter -->
<testsuite hostname="Legion-5" failures="0" tests="2" name="qaautomation.march2022.APITest" time="6.121" errors="0" timestamp="09 Apr 2022 04:13:14 GMT" skipped="0">
  <testcase classname="qaautomation.march2022.APITest" name="testLoginAPI" time="4.237"/>
  <testcase classname="qaautomation.march2022.APITest" name="testDashboardAPI" time="1.884"/>
</testsuite> <!-- qaautomation.march2022.APITest -->
