<?xml version="1.0" encoding="UTF-8"?>
<!-- Generated by org.testng.reporters.JUnitReportReporter -->
<testsuite hostname="Legion-5" failures="0" tests="1" name="qaautomation.march2022.AppTestAfterPOM" time="17.510" errors="0" timestamp="03 Apr 2022 04:55:45 GMT" skipped="0">
  <testcase classname="qaautomation.march2022.AppTestAfterPOM" name="loginToWebAndSuccess" time="17.510"/>
</testsuite> <!-- qaautomation.march2022.AppTestAfterPOM -->
