<?xml version="1.0" encoding="UTF-8"?>
<!-- Generated by org.testng.reporters.JUnitReportReporter -->
<testsuite hostname="Legion-5" failures="0" tests="1" name="qaautomation.march2022.AppTestAfterRefactor" time="11.789" errors="0" timestamp="03 Apr 2022 04:19:46 GMT" skipped="0">
  <testcase classname="qaautomation.march2022.AppTestAfterRefactor" name="test" time="11.789"/>
</testsuite> <!-- qaautomation.march2022.AppTestAfterRefactor -->
