<?xml version="1.0" encoding="UTF-8"?>
<!-- Generated by org.testng.reporters.JUnitReportReporter -->
<testsuite hostname="Legion-5" failures="0" tests="1" name="qaautomation.march2022.GraphQLTest" time="3.569" errors="0" timestamp="10 Apr 2022 04:47:04 GMT" skipped="0">
  <testcase classname="qaautomation.march2022.GraphQLTest" name="launchRocketWithVariable" time="3.569"/>
</testsuite> <!-- qaautomation.march2022.GraphQLTest -->
