<?xml version="1.0" encoding="UTF-8"?>
<!-- Generated by org.testng.reporters.JUnitReportReporter -->
<testsuite hostname="Legion-5" failures="0" tests="1" name="qaautomation.march2022.AppTest" time="16.277" errors="0" timestamp="03 Apr 2022 04:19:46 GMT" skipped="0">
  <testcase classname="qaautomation.march2022.AppTest" name="test" time="16.277"/>
</testsuite> <!-- qaautomation.march2022.AppTest -->
