<?xml version="1.0" encoding="UTF-8"?>
<!-- Generated by org.testng.reporters.JUnitReportReporter -->
<testsuite hostname="Legion-5" failures="0" tests="4" name="qaautomation.march2022.AppTestAfterPageFactory" time="50.063" errors="0" timestamp="03 Apr 2022 04:19:46 GMT" skipped="0">
  <testcase classname="qaautomation.march2022.AppTestAfterPageFactory" name="loginToWebNotClickingLoginButton" time="7.961"/>
  <testcase classname="qaautomation.march2022.AppTestAfterPageFactory" name="loginInvalidUsername" time="11.210"/>
  <testcase classname="qaautomation.march2022.AppTestAfterPageFactory" name="loginInvalidPassword" time="14.096"/>
  <testcase classname="qaautomation.march2022.AppTestAfterPageFactory" name="loginToWebAndSuccess" time="16.796"/>
</testsuite> <!-- qaautomation.march2022.AppTestAfterPageFactory -->
