<?xml version="1.0" encoding="UTF-8"?>
<!-- Generated by org.testng.reporters.JUnitReportReporter -->
<testsuite hostname="Legion-5" failures="0" tests="1" name="qaautomation.march2022.APITestAfterRefactor" time="6.815" errors="0" timestamp="10 Apr 2022 03:50:49 GMT" skipped="0">
  <testcase classname="qaautomation.march2022.APITestAfterRefactor" name="testDashboardWithoutParam" time="6.815"/>
</testsuite> <!-- qaautomation.march2022.APITestAfterRefactor -->
