<?xml version="1.0" encoding="UTF-8"?>
<!-- Generated by org.testng.reporters.JUnitReportReporter -->
<testsuite hostname="Legion-5" failures="0" tests="2" name="qaautomation.march2022.CommonPageTest" time="42.878" errors="0" timestamp="03 Apr 2022 04:06:12 GMT" skipped="0">
  <testcase classname="qaautomation.march2022.CommonPageTest" name="testScroll" time="16.332"/>
  <testcase classname="qaautomation.march2022.CommonPageTest" name="testSwitching" time="26.546"/>
</testsuite> <!-- qaautomation.march2022.CommonPageTest -->
